
> nextjs-app@0.1.45 build /Users/btlmo.hoangquanghuy/Desktop/sync_github/coin98-wallet-selector/apps/nextjs-app
> next build

[?25l- [36minfo[39m Creating an optimized production build [36m.[39m[2K[1G- [36minfo[39m Creating an optimized production build [36m..[39m[2K[1G- [36minfo[39m Creating an optimized production build [36m...[39m[2K[1G- [36minfo[39m Creating an optimized production build [36m.[39m[2K[1G- [36minfo[39m Creating an optimized production build [36m..[39m[2K[1G- [36minfo[39m Creating an optimized production build [36m...[39m[2K[1G- [36minfo[39m Creating an optimized production build [36m.[39m[2K[1G- [36minfo[39m Creating an optimized production build [36m..[39m[2K[1G- [36minfo[39m Creating an optimized production build [36m...[39m[2K[1G- [36minfo[39m Creating an optimized production build [36m.[39m[2K[1G- [36minfo[39m Creating an optimized production build [36m..[39m[2K[1G- [36minfo[39m Creating an optimized production build [36m...[39m[2K[1G- [36minfo[39m Creating an optimized production build [36m.[39m[2K[1G- [36minfo[39m Creating an optimized production build [36m..[39m[2K[1G- [36minfo[39m Creating an optimized production build [36m...[39m[2K[1G- [36minfo[39m Creating an optimized production build [36m.[39m[2K[1G- [36minfo[39m Creating an optimized production build [36m..[39m[2K[1G- [36minfo[39m Creating an optimized production build [36m...[39m[2K[1G- [36minfo[39m Creating an optimized production build [36m.[39m[2K[1G- [36minfo[39m Creating an optimized production build [36m..[39m[2K[1G- [36minfo[39m Creating an optimized production build [36m...[39m[2K[1G- [36minfo[39m Creating an optimized production build [36m.[39m[2K[1G- [36minfo[39m Creating an optimized production build [36m..[39m[2K[1G- [36minfo[39m Creating an optimized production build [36m...[39m[2K[1G- [36minfo[39m Creating an optimized production build [36m.[39m[2K[1G- [36minfo[39m Creating an optimized production build [36m..[39m[2K[1G- [36minfo[39m Creating an optimized production build [36m...[39m[2K[1G- [36minfo[39m Creating an optimized production build [36m.[39m[2K[1G- [36minfo[39m Creating an optimized production build [36m..[39m[2K[1G- [36minfo[39m Creating an optimized production build [36m...[39m[2K[1G- [36minfo[39m Creating an optimized production build [36m.[39m[2K[1G- [36minfo[39m Creating an optimized production build [36m..[39m[2K[1G- [36minfo[39m Creating an optimized production build [36m...[39m[2K[1G[?25hBrowserslist: caniuse-lite is outdated. Please run:
  npx update-browserslist-db@latest
  Why you should do it regularly: https://github.com/browserslist/update-db#readme
[?25l- [36minfo[39m Creating an optimized production build [36m.[39m[2K[1G- [36minfo[39m Creating an optimized production build [36m..[39m[2K[1G- [36minfo[39m Creating an optimized production build [36m...[39m[2K[1G- [36minfo[39m Creating an optimized production build [36m.[39m[2K[1G- [36minfo[39m Creating an optimized production build [36m..[39m[2K[1G- [36minfo[39m Creating an optimized production build [36m...[39m[2K[1G- [36minfo[39m Creating an optimized production build [36m.[39m[2K[1G- [36minfo[39m Creating an optimized production build [36m..[39m[2K[1G- [36minfo[39m Creating an optimized production build [36m...[39m[2K[1G- [36minfo[39m Creating an optimized production build [36m.[39m[2K[1G- [36minfo[39m Creating an optimized production build [36m..[39m[2K[1G- [36minfo[39m Creating an optimized production build [36m...[39m[2K[1G- [36minfo[39m Creating an optimized production build [36m.[39m[2K[1G- [36minfo[39m Creating an optimized production build [36m..[39m[2K[1G[?25h- [33mwarn[39m Compiled with warnings

[?25l- [36minfo[39m Creating an optimized production build [36m.[39m[2K[1G[?25h../../node_modules/.pnpm/keyv@4.5.4/node_modules/keyv/src/index.js
Critical dependency: the request of a dependency is an expression

Import trace for requested module:
../../node_modules/.pnpm/keyv@4.5.4/node_modules/keyv/src/index.js
../../node_modules/.pnpm/cacheable-request@7.0.4/node_modules/cacheable-request/src/index.js
../../node_modules/.pnpm/got@11.8.6/node_modules/got/dist/source/core/index.js
../../node_modules/.pnpm/got@11.8.6/node_modules/got/dist/source/create.js
../../node_modules/.pnpm/got@11.8.6/node_modules/got/dist/source/index.js
../../node_modules/.pnpm/swarm-js@0.1.42/node_modules/swarm-js/lib/files.js
../../node_modules/.pnpm/swarm-js@0.1.42/node_modules/swarm-js/lib/api-node.js
../../node_modules/.pnpm/web3-bzz@1.9.0/node_modules/web3-bzz/lib/index.js
../../node_modules/.pnpm/web3@1.9.0_encoding@0.1.13/node_modules/web3/lib/index.js
./components/bnbtestnet-section.tsx
./app/(routes)/page.tsx
[?25l- [36minfo[39m Creating an optimized production build [36m.[39m[2K[1G[?25h
[?25l- [36minfo[39m Creating an optimized production build [36m.[39m[?25l- [36minfo[39m Linting and checking validity of types [36m.[39m[2K[1G- [36minfo[39m Creating an optimized production build [36m..[39m[2K[1G- [36minfo[39m Linting and checking validity of types [36m..[39m[2K[1G- [36minfo[39m Creating an optimized production build [36m...[39m[2K[1G- [36minfo[39m Linting and checking validity of types [36m...[39m[2K[1G- [36minfo[39m Creating an optimized production build [36m.[39m[2K[1G- [36minfo[39m Linting and checking validity of types [36m.[39m[2K[1G- [36minfo[39m Creating an optimized production build [36m..[39m[2K[1G- [36minfo[39m Linting and checking validity of types [36m..[39m[2K[1G- [36minfo[39m Creating an optimized production build [36m...[39m[2K[1G- [36minfo[39m Linting and checking validity of types [36m...[39m[2K[1G- [36minfo[39m Creating an optimized production build [36m.[39m[2K[1G- [36minfo[39m Linting and checking validity of types [36m.[39m[2K[1G- [36minfo[39m Creating an optimized production build [36m..[39m[2K[1G- [36minfo[39m Linting and checking validity of types [36m..[39m- [31merror[39m ESLint: Plugin "@next/next" was conflicted between ".eslintrc.json » eslint-config-next/core-web-vitals » plugin:@next/next/core-web-vitals" and "../../.eslintrc.js » eslint-config-custom » eslint-config-next » plugin:@next/next/recommended".
[2K[1G- [36minfo[39m Creating an optimized production build [36m...[39m[2K[1G- [36minfo[39m Linting and checking validity of types [36m...[39m[2K[1G- [36minfo[39m Creating an optimized production build [36m.[39m[2K[1G- [36minfo[39m Linting and checking validity of types [36m.[39m[2K[1G- [36minfo[39m Creating an optimized production build [36m..[39m[2K[1G- [36minfo[39m Linting and checking validity of types [36m..[39m[2K[1G- [36minfo[39m Creating an optimized production build [36m...[39m[2K[1G- [36minfo[39m Linting and checking validity of types [36m...[39m[2K[1G- [36minfo[39m Creating an optimized production build [36m.[39m[2K[1G- [36minfo[39m Linting and checking validity of types [36m.[39m[2K[1G- [36minfo[39m Creating an optimized production build [36m..[39m[2K[1G- [36minfo[39m Linting and checking validity of types [36m..[39m[2K[1G- [36minfo[39m Creating an optimized production build [36m...[39m[2K[1G- [36minfo[39m Linting and checking validity of types [36m...[39m[2K[1G- [36minfo[39m Creating an optimized production build [36m.[39m[2K[1G- [36minfo[39m Linting and checking validity of types [36m.[39m[2K[1G- [36minfo[39m Creating an optimized production build [36m..[39m[2K[1G- [36minfo[39m Linting and checking validity of types [36m..[39m[2K[1G- [36minfo[39m Creating an optimized production build [36m...[39m[2K[1G- [36minfo[39m Linting and checking validity of types [36m...[39m[2K[1G- [36minfo[39m Creating an optimized production build [36m.[39m[2K[1G- [36minfo[39m Linting and checking validity of types [36m.[39m[2K[1G- [36minfo[39m Creating an optimized production build [36m..[39m[2K[1G- [36minfo[39m Linting and checking validity of types [36m..[39m[2K[1G- [36minfo[39m Creating an optimized production build [36m...[39m[2K[1G- [36minfo[39m Linting and checking validity of types [36m...[39m[2K[1G- [36minfo[39m Creating an optimized production build [36m.[39m[2K[1G- [36minfo[39m Linting and checking validity of types [36m.[39m[2K[1G[?25h- [36minfo[39m Linting and checking validity of types  
[?25l- [36minfo[39m Collecting page data [36m.[39m[2K[1G- [36minfo[39m Creating an optimized production build [36m..[39m[2K[1G- [36minfo[39m Collecting page data [36m..[39m[2K[1G- [36minfo[39m Creating an optimized production build [36m...[39m[2K[1G- [36minfo[39m Collecting page data [36m...[39m[2K[1G- [36minfo[39m Creating an optimized production build [36m.[39m[2K[1G- [36minfo[39m Collecting page data [36m.[39m[2K[1G- [36minfo[39m Creating an optimized production build [36m..[39m[2K[1G- [36minfo[39m Collecting page data [36m..[39m[2K[1G- [36minfo[39m Creating an optimized production build [36m...[39m[2K[1G- [36minfo[39m Collecting page data [36m...[39m[2K[1G- [36minfo[39m Creating an optimized production build [36m.[39m[2K[1G- [36minfo[39m Collecting page data [36m.[39m[2K[1G- [36minfo[39m Creating an optimized production build [36m..[39m[2K[1G- [36minfo[39m Collecting page data [36m..[39m[2K[1G- [36minfo[39m Creating an optimized production build [36m...[39m[2K[1G- [36minfo[39m Collecting page data [36m...[39m[2K[1G- [36minfo[39m Creating an optimized production build [36m.[39m[2K[1G- [36minfo[39m Collecting page data [36m.[39m[2K[1G- [36minfo[39m Creating an optimized production build [36m..[39m[2K[1G- [36minfo[39m Collecting page data [36m..[39m[2K[1G- [36minfo[39m Creating an optimized production build [36m...[39m[2K[1G- [36minfo[39m Collecting page data [36m...[39m[2K[1G- [36minfo[39m Creating an optimized production build [36m.[39m[2K[1G- [36minfo[39m Collecting page data [36m.[39m[2K[1G- [36minfo[39m Creating an optimized production build [36m..[39m[2K[1G- [36minfo[39m Collecting page data [36m..[39m[2K[1G- [36minfo[39m Creating an optimized production build [36m...[39m[2K[1G- [36minfo[39m Collecting page data [36m...[39m[2K[1G- [36minfo[39m Creating an optimized production build [36m.[39m[2K[1G- [36minfo[39m Collecting page data [36m.[39m[2K[1G- [36minfo[39m Creating an optimized production build [36m..[39m[2K[1G- [36minfo[39m Collecting page data [36m..[39m[2K[1G- [36minfo[39m Creating an optimized production build [36m...[39m[2K[1G- [36minfo[39m Collecting page data [36m...[39m[2K[1G- [36minfo[39m Creating an optimized production build [36m.[39m[2K[1G- [36minfo[39m Collecting page data [36m.[39m[2K[1G- [36minfo[39m Creating an optimized production build [36m..[39m[2K[1G- [36minfo[39m Collecting page data [36m..[39m[2K[1G- [36minfo[39m Creating an optimized production build [36m...[39m[2K[1G- [36minfo[39m Collecting page data [36m...[39m[2K[1G- [36minfo[39m Creating an optimized production build [36m.[39m[2K[1G- [36minfo[39m Collecting page data [36m.[39m[2K[1G- [36minfo[39m Creating an optimized production build [36m..[39m[2K[1G- [36minfo[39m Collecting page data [36m..[39m[2K[1G- [36minfo[39m Creating an optimized production build [36m...[39m[2K[1G- [36minfo[39m Collecting page data [36m...[39m[2K[1G- [36minfo[39m Creating an optimized production build [36m.[39m[2K[1G- [36minfo[39m Collecting page data [36m.[39m[2K[1G- [36minfo[39m Creating an optimized production build [36m..[39m[2K[1G- [36minfo[39m Collecting page data [36m..[39m[2K[1G- [36minfo[39m Creating an optimized production build [36m...[39m[2K[1G- [36minfo[39m Collecting page data [36m...[39m[2K[1G- [36minfo[39m Creating an optimized production build [36m.[39m[2K[1G- [36minfo[39m Collecting page data [36m.[39m[2K[1G[?25h- [36minfo[39m Collecting page data  
[?25l[36m[    ][39m - [36minfo[39m Generating static pages (0/9)[2K[1G- [36minfo[39m Creating an optimized production build [36m..[39mbigint: Failed to load bindings, pure JS will be used (try npm run rebuild?)
bigint: Failed to load bindings, pure JS will be used (try npm run rebuild?)
bigint: Failed to load bindings, pure JS will be used (try npm run rebuild?)
[2K[1G- [36minfo[39m Creating an optimized production build [36m...[39mbigint: Failed to load bindings, pure JS will be used (try npm run rebuild?)
bigint: Failed to load bindings, pure JS will be used (try npm run rebuild?)
[2K[1G- [36minfo[39m Creating an optimized production build [36m.[39m[2K[1G[36m[=   ][39m - [36minfo[39m Generating static pages (3/9)[2K[1G- [36minfo[39m Creating an optimized production build [36m..[39mbigint: Failed to load bindings, pure JS will be used (try npm run rebuild?)
[2K[1G- [36minfo[39m Creating an optimized production build [36m...[39m[2K[1G[36m[==  ][39m - [36minfo[39m Generating static pages (8/9)(node:50953) [DEP0005] DeprecationWarning: Buffer() is deprecated due to security and usability issues. Please use the Buffer.alloc(), Buffer.allocUnsafe(), or Buffer.from() methods instead.
(Use `node --trace-deprecation ...` to show where the warning was created)
[2K[1G- [36minfo[39m Creating an optimized production build [36m.[39m[2K[1G[?25h[2K[1G[?25h- [36minfo[39m Generating static pages (9/9)
[?25l- [36minfo[39m Creating an optimized production build [36m.[39m[?25l- [36minfo[39m Finalizing page optimization [36m.[39m[2K[1G[?25h- [36minfo[39m Finalizing page optimization  
[2K[1G[?25h
[?25l- [36minfo[39m Creating an optimized production build [36m.[39m[4mRoute (app)[24m                                [4mSize[24m     [4mFirst Load JS[24m
┌ ○ /                                      513 kB         [31m[1m3.05 MB[22m[39m
├ ○ /cosmos                                2.09 kB         [31m[1m2.1 MB[22m[39m
├ ○ /favicon.ico                           0 B                [32m0 B[39m
├ ○ /near                                  1.58 kB         [31m[1m467 kB[22m[39m
├ ○ /non-modal/evm                         8.58 kB         [32m120 kB[39m
├ ○ /particle                              2.33 kB         [31m[1m358 kB[22m[39m
└ ○ /polkadot                              2.22 kB         [31m[1m608 kB[22m[39m
+ First Load JS shared by all              [32m112 kB[39m
  ├ chunks/4674-d2b285a2b412a8b6.js        26.2 kB
  ├ chunks/47a51273-e47f3fb9c3451a21.js    50.5 kB
  ├ chunks/599-1cdfb4edcb729987.js         33 kB
  ├ chunks/main-app-e825670d9e991726.js    230 B
  └ chunks/webpack-17fad9f910ea5fbf.js     1.87 kB

[4mRoute (pages)[24m                              [4mSize[24m     [4mFirst Load JS[24m
─ ○ /404                                   184 B          [32m76.8 kB[39m
+ First Load JS shared by all              [32m76.7 kB[39m
  ├ chunks/framework-d01b68062ece2457.js   45.1 kB
  ├ chunks/main-6dbe5d728827c0f9.js        29.5 kB
  ├ chunks/pages/_app-902596ce62d2efa3.js  200 B
  └ chunks/webpack-17fad9f910ea5fbf.js     1.87 kB

○  (Static)  automatically rendered as static HTML (uses no initial props)

[2K[1G- [36minfo[39m Creating an optimized production build [36m..[39m[2K[1G- [36minfo[39m Creating an optimized production build [36m...[39m[?25h
